Determining if the pthread_create exist failed with the following output:
Change Dir: /home/eric/ClionProjects/Erics3DEngine/build/CMakeFiles/CMakeTmp

Run Build Command:"/usr/bin/make" "cmTryCompileExec325514508/fast"
make[1]: Entering directory '/home/eric/ClionProjects/Erics3DEngine/build/CMakeFiles/CMakeTmp'
/usr/bin/make -f CMakeFiles/cmTryCompileExec325514508.dir/build.make CMakeFiles/cmTryCompileExec325514508.dir/build
make[2]: Entering directory '/home/eric/ClionProjects/Erics3DEngine/build/CMakeFiles/CMakeTmp'
/usr/bin/cmake -E cmake_progress_report /home/eric/ClionProjects/Erics3DEngine/build/CMakeFiles/CMakeTmp/CMakeFiles 1
Building C object CMakeFiles/cmTryCompileExec325514508.dir/CheckSymbolExists.c.o
/usr/bin/cc    -o CMakeFiles/cmTryCompileExec325514508.dir/CheckSymbolExists.c.o   -c /home/eric/ClionProjects/Erics3DEngine/build/CMakeFiles/CMakeTmp/CheckSymbolExists.c
Linking C executable cmTryCompileExec325514508
/usr/bin/cmake -E cmake_link_script CMakeFiles/cmTryCompileExec325514508.dir/link.txt --verbose=1
/usr/bin/cc       CMakeFiles/cmTryCompileExec325514508.dir/CheckSymbolExists.c.o  -o cmTryCompileExec325514508 -rdynamic 
CMakeFiles/cmTryCompileExec325514508.dir/CheckSymbolExists.c.o: In function `main':
CheckSymbolExists.c:(.text+0x16): undefined reference to `pthread_create'
collect2: error: ld returned 1 exit status
CMakeFiles/cmTryCompileExec325514508.dir/build.make:88: recipe for target 'cmTryCompileExec325514508' failed
make[2]: *** [cmTryCompileExec325514508] Error 1
make[2]: Leaving directory '/home/eric/ClionProjects/Erics3DEngine/build/CMakeFiles/CMakeTmp'
Makefile:117: recipe for target 'cmTryCompileExec325514508/fast' failed
make[1]: Leaving directory '/home/eric/ClionProjects/Erics3DEngine/build/CMakeFiles/CMakeTmp'
make[1]: *** [cmTryCompileExec325514508/fast] Error 2

File /home/eric/ClionProjects/Erics3DEngine/build/CMakeFiles/CMakeTmp/CheckSymbolExists.c:
/* */
#include <pthread.h>

int main(int argc, char** argv)
{
  (void)argv;
#ifndef pthread_create
  return ((int*)(&pthread_create))[argc];
#else
  (void)argc;
  return 0;
#endif
}

Determining if the function pthread_create exists in the pthreads failed with the following output:
Change Dir: /home/eric/ClionProjects/Erics3DEngine/build/CMakeFiles/CMakeTmp

Run Build Command:"/usr/bin/make" "cmTryCompileExec1381544632/fast"
make[1]: Entering directory '/home/eric/ClionProjects/Erics3DEngine/build/CMakeFiles/CMakeTmp'
/usr/bin/make -f CMakeFiles/cmTryCompileExec1381544632.dir/build.make CMakeFiles/cmTryCompileExec1381544632.dir/build
make[2]: Entering directory '/home/eric/ClionProjects/Erics3DEngine/build/CMakeFiles/CMakeTmp'
/usr/bin/cmake -E cmake_progress_report /home/eric/ClionProjects/Erics3DEngine/build/CMakeFiles/CMakeTmp/CMakeFiles 1
Building C object CMakeFiles/cmTryCompileExec1381544632.dir/CheckFunctionExists.c.o
/usr/bin/cc   -DCHECK_FUNCTION_EXISTS=pthread_create   -o CMakeFiles/cmTryCompileExec1381544632.dir/CheckFunctionExists.c.o   -c /usr/share/cmake-3.2/Modules/CheckFunctionExists.c
Linking C executable cmTryCompileExec1381544632
/usr/bin/cmake -E cmake_link_script CMakeFiles/cmTryCompileExec1381544632.dir/link.txt --verbose=1
/usr/bin/cc   -DCHECK_FUNCTION_EXISTS=pthread_create    CMakeFiles/cmTryCompileExec1381544632.dir/CheckFunctionExists.c.o  -o cmTryCompileExec1381544632 -rdynamic -lpthreads 
/usr/bin/ld: cannot find -lpthreads
collect2: error: ld returned 1 exit status
CMakeFiles/cmTryCompileExec1381544632.dir/build.make:88: recipe for target 'cmTryCompileExec1381544632' failed
make[2]: Leaving directory '/home/eric/ClionProjects/Erics3DEngine/build/CMakeFiles/CMakeTmp'
make[2]: *** [cmTryCompileExec1381544632] Error 1
Makefile:117: recipe for target 'cmTryCompileExec1381544632/fast' failed
make[1]: Leaving directory '/home/eric/ClionProjects/Erics3DEngine/build/CMakeFiles/CMakeTmp'
make[1]: *** [cmTryCompileExec1381544632/fast] Error 2


